2009.08.26 11:39 B C:\temp\powertrainsavers\www\dealers\AB.htm <-- powertrainsavers /www/dealers AB.htm
2009.08.26 11:39 B C:\temp\powertrainsavers\www\dealers\AK.htm <-- powertrainsavers /www/dealers AK.htm
2009.08.26 11:39 B C:\temp\powertrainsavers\www\dealers\all.htm <-- powertrainsavers /www/dealers all.htm
2009.08.26 11:39 B C:\temp\powertrainsavers\www\dealers\allcan.htm <-- powertrainsavers /www/dealers allcan.htm
2009.08.26 11:39 B C:\temp\powertrainsavers\www\dealers\BC.htm <-- powertrainsavers /www/dealers BC.htm
2009.08.26 11:39 B C:\temp\powertrainsavers\www\dealers\CA.htm <-- powertrainsavers /www/dealers CA.htm
2009.08.26 11:39 B C:\temp\powertrainsavers\www\dealers\CO.htm <-- powertrainsavers /www/dealers CO.htm
2009.08.26 11:39 B C:\temp\powertrainsavers\www\dealers\IL.htm <-- powertrainsavers /www/dealers IL.htm
2009.08.26 11:39 B C:\temp\powertrainsavers\www\dealers\IN.htm <-- powertrainsavers /www/dealers IN.htm
2009.08.26 11:39 B C:\temp\powertrainsavers\www\dealers\jamaica.htm <-- powertrainsavers /www/dealers jamaica.htm
2009.08.26 11:39 B C:\temp\powertrainsavers\www\dealers\KS.htm <-- powertrainsavers /www/dealers KS.htm
2009.08.26 11:39 B C:\temp\powertrainsavers\www\dealers\KY.htm <-- powertrainsavers /www/dealers KY.htm
2009.08.26 11:39 B C:\temp\powertrainsavers\www\dealers\MI.htm <-- powertrainsavers /www/dealers MI.htm
2009.08.26 11:39 B C:\temp\powertrainsavers\www\dealers\NM.htm <-- powertrainsavers /www/dealers NM.htm
2009.08.26 11:39 B C:\temp\powertrainsavers\www\dealers\NV.htm <-- powertrainsavers /www/dealers NV.htm
2009.08.26 11:39 B C:\temp\powertrainsavers\www\dealers\NY.htm <-- powertrainsavers /www/dealers NY.htm
2009.08.26 11:39 B C:\temp\powertrainsavers\www\dealers\OH.htm <-- powertrainsavers /www/dealers OH.htm
2009.08.26 11:39 B C:\temp\powertrainsavers\www\dealers\OK.htm <-- powertrainsavers /www/dealers OK.htm
2009.08.26 11:39 B C:\temp\powertrainsavers\www\dealers\ON.htm <-- powertrainsavers /www/dealers ON.htm
2009.08.26 11:39 B C:\temp\powertrainsavers\www\dealers\OR.htm <-- powertrainsavers /www/dealers OR.htm
2009.08.26 11:39 B C:\temp\powertrainsavers\www\dealers\QC.htm <-- powertrainsavers /www/dealers QC.htm
2009.08.26 11:39 B C:\temp\powertrainsavers\www\dealers\select.htm <-- powertrainsavers /www/dealers select.htm
2009.08.26 11:39 B C:\temp\powertrainsavers\www\dealers\select1.htm <-- powertrainsavers /www/dealers select1.htm
2009.08.26 11:39 B C:\temp\powertrainsavers\www\dealers\SK.htm <-- powertrainsavers /www/dealers SK.htm
2009.08.26 11:39 B C:\temp\powertrainsavers\www\dealers\TX.htm <-- powertrainsavers /www/dealers TX.htm
2009.08.26 11:39 B C:\temp\powertrainsavers\www\dealers\UT.htm <-- powertrainsavers /www/dealers UT.htm
2009.08.26 11:39 B C:\temp\powertrainsavers\www\dealers\VT.htm <-- powertrainsavers /www/dealers VT.htm
2009.08.26 11:39 B C:\temp\powertrainsavers\www\dealers\WA.htm <-- powertrainsavers /www/dealers WA.htm
2009.08.26 11:39 B C:\temp\powertrainsavers\www\dealers\WI.htm <-- powertrainsavers /www/dealers WI.htm
2009.08.26 11:39 B C:\temp\powertrainsavers\www\dealers\WV.htm <-- powertrainsavers /www/dealers WV.htm
