2009.08.26 11:39 B C:\temp\powertrainsavers\www\graphics\4_by_4banner.gif <-- powertrainsavers /www/graphics 4_by_4banner.gif
2009.08.26 11:39 B C:\temp\powertrainsavers\www\graphics\about_us_over.jpg <-- powertrainsavers /www/graphics about_us_over.jpg
2009.08.26 11:39 B C:\temp\powertrainsavers\www\graphics\about_us_up.jpg <-- powertrainsavers /www/graphics about_us_up.jpg
2009.08.26 11:39 B C:\temp\powertrainsavers\www\graphics\animated_usa_banner.gif <-- powertrainsavers /www/graphics animated_usa_banner.gif
2009.08.26 11:39 B C:\temp\powertrainsavers\www\graphics\arrow-left.gif <-- powertrainsavers /www/graphics arrow-left.gif
2009.08.26 11:39 B C:\temp\powertrainsavers\www\graphics\arrow-left.jpg <-- powertrainsavers /www/graphics arrow-left.jpg
2009.08.26 11:39 B C:\temp\powertrainsavers\www\graphics\arrow-right.gif <-- powertrainsavers /www/graphics arrow-right.gif
2009.08.26 11:39 B C:\temp\powertrainsavers\www\graphics\arrow-right.jpg <-- powertrainsavers /www/graphics arrow-right.jpg
2009.08.26 11:39 B C:\temp\powertrainsavers\www\graphics\background.jpg <-- powertrainsavers /www/graphics background.jpg
2009.08.26 11:39 B C:\temp\powertrainsavers\www\graphics\background_new.gif <-- powertrainsavers /www/graphics background_new.gif
2009.08.26 11:39 B C:\temp\powertrainsavers\www\graphics\Bill-McColeman-Blue.gif <-- powertrainsavers /www/graphics Bill-McColeman-Blue.gif
2009.08.26 11:39 B C:\temp\powertrainsavers\www\graphics\Bill-McColeman-grey.gif <-- powertrainsavers /www/graphics Bill-McColeman-grey.gif
2009.08.26 11:39 B C:\temp\powertrainsavers\www\graphics\bluebg.gif <-- powertrainsavers /www/graphics bluebg.gif
2009.08.26 11:39 B C:\temp\powertrainsavers\www\graphics\button2.gif <-- powertrainsavers /www/graphics button2.gif
2009.08.26 11:39 B C:\temp\powertrainsavers\www\graphics\circle_d_rig-water.jpg <-- powertrainsavers /www/graphics circle_d_rig-water.jpg
2009.08.26 11:39 B C:\temp\powertrainsavers\www\graphics\circle_d_rig.gif <-- powertrainsavers /www/graphics circle_d_rig.gif
2009.08.26 11:39 B C:\temp\powertrainsavers\www\graphics\common_parts.jpg <-- powertrainsavers /www/graphics common_parts.jpg
2009.08.26 11:39 B C:\temp\powertrainsavers\www\graphics\common_parts_over.jpg <-- powertrainsavers /www/graphics common_parts_over.jpg
2009.08.26 11:39 B C:\temp\powertrainsavers\www\graphics\contact_new down.gif <-- powertrainsavers /www/graphics contact_new down.gif
2009.08.26 11:39 B C:\temp\powertrainsavers\www\graphics\contact_new up.gif <-- powertrainsavers /www/graphics contact_new up.gif
2009.08.26 11:39 B C:\temp\powertrainsavers\www\graphics\contact_us_over.jpg <-- powertrainsavers /www/graphics contact_us_over.jpg
2009.08.26 11:39 B C:\temp\powertrainsavers\www\graphics\contact_us_up.jpg <-- powertrainsavers /www/graphics contact_us_up.jpg
2009.08.26 11:39 B C:\temp\powertrainsavers\www\graphics\Copy of faq.jpg <-- powertrainsavers /www/graphics Copy of faq.jpg
2009.08.26 11:39 B C:\temp\powertrainsavers\www\graphics\Copy of faq_over.jpg <-- powertrainsavers /www/graphics Copy of faq_over.jpg
2009.08.26 11:39 B C:\temp\powertrainsavers\www\graphics\demo_video.jpg <-- powertrainsavers /www/graphics demo_video.jpg
2009.08.26 11:39 B C:\temp\powertrainsavers\www\graphics\demo_video_over.jpg <-- powertrainsavers /www/graphics demo_video_over.jpg
2009.08.26 11:39 B C:\temp\powertrainsavers\www\graphics\Drive-Shaft-bg.jpg <-- powertrainsavers /www/graphics Drive-Shaft-bg.jpg
2009.08.26 11:39 B C:\temp\powertrainsavers\www\graphics\Drive-Shaft.jpg <-- powertrainsavers /www/graphics Drive-Shaft.jpg
2009.08.26 11:39 B C:\temp\powertrainsavers\www\graphics\Drive-ShaftBL.jpg <-- powertrainsavers /www/graphics Drive-ShaftBL.jpg
2009.08.26 11:39 B C:\temp\powertrainsavers\www\graphics\driveshaft-trans-bg.gif <-- powertrainsavers /www/graphics driveshaft-trans-bg.gif
2009.08.26 11:39 B C:\temp\powertrainsavers\www\graphics\driveshaft-trans-bl.gif <-- powertrainsavers /www/graphics driveshaft-trans-bl.gif
2009.08.26 11:39 B C:\temp\powertrainsavers\www\graphics\ek_1.jpg <-- powertrainsavers /www/graphics ek_1.jpg
2009.08.26 11:39 B C:\temp\powertrainsavers\www\graphics\ek_2.jpg <-- powertrainsavers /www/graphics ek_2.jpg
2009.08.26 11:39 B C:\temp\powertrainsavers\www\graphics\ek_3.jpg <-- powertrainsavers /www/graphics ek_3.jpg
2009.08.26 11:39 B C:\temp\powertrainsavers\www\graphics\ek_4.jpg <-- powertrainsavers /www/graphics ek_4.jpg
2009.08.26 11:39 B C:\temp\powertrainsavers\www\graphics\ek_5.jpg <-- powertrainsavers /www/graphics ek_5.jpg
2009.08.26 11:39 B C:\temp\powertrainsavers\www\graphics\email_banner.gif <-- powertrainsavers /www/graphics email_banner.gif
2009.08.26 11:39 B C:\temp\powertrainsavers\www\graphics\FAQ new_down.gif <-- powertrainsavers /www/graphics FAQ new_down.gif
2009.08.26 11:39 B C:\temp\powertrainsavers\www\graphics\FAQ new_up.gif <-- powertrainsavers /www/graphics FAQ new_up.gif
2009.08.26 11:39 B C:\temp\powertrainsavers\www\graphics\FAQ's.jpg <-- powertrainsavers /www/graphics FAQ's.jpg
2009.08.26 11:39 B C:\temp\powertrainsavers\www\graphics\faq.jpg <-- powertrainsavers /www/graphics faq.jpg
2009.08.26 11:39 B C:\temp\powertrainsavers\www\graphics\faq_over.jpg <-- powertrainsavers /www/graphics faq_over.jpg
2009.08.26 11:39 B C:\temp\powertrainsavers\www\graphics\Fig 1.gif <-- powertrainsavers /www/graphics Fig 1.gif
2009.08.26 11:39 B C:\temp\powertrainsavers\www\graphics\fig 2.gif <-- powertrainsavers /www/graphics fig 2.gif
2009.08.26 11:39 B C:\temp\powertrainsavers\www\graphics\fig 3.gif <-- powertrainsavers /www/graphics fig 3.gif
2009.08.26 11:39 B C:\temp\powertrainsavers\www\graphics\Flange-side.jpg <-- powertrainsavers /www/graphics Flange-side.jpg
2009.08.26 11:39 B C:\temp\powertrainsavers\www\graphics\Flange2.jpg <-- powertrainsavers /www/graphics Flange2.jpg
2009.08.26 11:39 B C:\temp\powertrainsavers\www\graphics\Flangebg.gif <-- powertrainsavers /www/graphics Flangebg.gif
2009.08.26 11:39 B C:\temp\powertrainsavers\www\graphics\Flangebg.jpg <-- powertrainsavers /www/graphics Flangebg.jpg
2009.08.26 11:40 B C:\temp\powertrainsavers\www\graphics\FlangeBL.jpg <-- powertrainsavers /www/graphics FlangeBL.jpg
2009.08.26 11:40 B C:\temp\powertrainsavers\www\graphics\FlangeBLBG.jpg <-- powertrainsavers /www/graphics FlangeBLBG.jpg
2009.08.26 11:40 B C:\temp\powertrainsavers\www\graphics\flanged_saver-w-s.jpg <-- powertrainsavers /www/graphics flanged_saver-w-s.jpg
2009.08.26 11:40 B C:\temp\powertrainsavers\www\graphics\flanged_saver.jpg <-- powertrainsavers /www/graphics flanged_saver.jpg
